<?xml version="1.0" encoding="UTF-8"?>
<!-- Generated by org.testng.reporters.JUnitReportReporter -->
<testsuite hostname="Anshuls-MacBook-M3.local" failures="0" tests="1" name="reports.ExtentManager" time="0.051" errors="0" timestamp="2024-04-06T17:55:44 IST" skipped="0">
  <testcase classname="reports.ExtentManager" name="getReports" time="0.051"/>
</testsuite> <!-- reports.ExtentManager -->
