<?xml version="1.0" encoding="UTF-8"?>
<!-- Generated by org.testng.reporters.JUnitReportReporter -->
<testsuite hostname="Anshuls-MacBook-M3.local" failures="0" tests="1" name="testCases.CreatePortfolioTest" time="28.299" errors="0" timestamp="2024-03-30T23:04:30 IST" skipped="0">
  <testcase classname="testCases.CreatePortfolioTest" name="createPortFolioTest" time="28.299"/>
</testsuite> <!-- testCases.CreatePortfolioTest -->
