<?xml version="1.0" encoding="UTF-8"?>
<!-- Generated by org.testng.reporters.JUnitReportReporter -->
<testsuite skipped="0" hostname="Anshuls-MacBook-Air.local" name="com.datadriven.framework.utils.TestDataProvider" tests="6" failures="0" timestamp="20 May 2019 17:36:02 GMT" time="0.022" errors="0">
  <testcase name="sampleTestOne" time="0.002" classname="com.datadriven.framework.utils.TestDataProvider"/>
  <testcase name="sampleTestOne" time="0.002" classname="com.datadriven.framework.utils.TestDataProvider"/>
  <testcase name="sampleTestOne" time="0.002" classname="com.datadriven.framework.utils.TestDataProvider"/>
  <testcase name="sampleTestOne" time="0.011" classname="com.datadriven.framework.utils.TestDataProvider"/>
  <testcase name="sampleTestOne" time="0.002" classname="com.datadriven.framework.utils.TestDataProvider"/>
  <testcase name="sampleTestOne" time="0.003" classname="com.datadriven.framework.utils.TestDataProvider"/>
</testsuite> <!-- com.datadriven.framework.utils.TestDataProvider -->
