<?xml version="1.0" encoding="UTF-8"?>
<!-- Generated by org.testng.reporters.JUnitReportReporter -->
<testsuite skipped="0" hostname="Anshuls-MacBook-Air.local" name="com.daradriver.framework.test.LoginTest.ZohoLoginTest" tests="3" failures="0" timestamp="24 May 2019 15:50:37 GMT" time="30.254" errors="0">
  <testcase name="doZohoLoginTest" time="9.300" classname="com.daradriver.framework.test.LoginTest.ZohoLoginTest"/>
  <testcase name="doZohoLoginTest" time="9.231" classname="com.daradriver.framework.test.LoginTest.ZohoLoginTest"/>
  <testcase name="doZohoLoginTest" time="11.723" classname="com.daradriver.framework.test.LoginTest.ZohoLoginTest"/>
</testsuite> <!-- com.daradriver.framework.test.LoginTest.ZohoLoginTest -->
