<?xml version="1.0" encoding="UTF-8"?>
<!-- Generated by org.testng.reporters.JUnitReportReporter -->
<testsuite skipped="0" hostname="Anshuls-MacBook-Air.local" name="com.daradriver.framework.test.LoginTest.loginTest" tests="2" failures="0" timestamp="21 May 2019 16:56:57 GMT" time="35.300" errors="0">
  <testcase name="testOne" time="18.798" classname="com.daradriver.framework.test.LoginTest.loginTest"/>
  <testcase name="testOne" time="16.502" classname="com.daradriver.framework.test.LoginTest.loginTest"/>
</testsuite> <!-- com.daradriver.framework.test.LoginTest.loginTest -->
