<?xml version="1.0" encoding="UTF-8"?>
<!-- Generated by org.testng.reporters.JUnitReportReporter -->
<testsuite hostname="Anshuls-MacBook-M3.local" failures="0" tests="1" name="com.testng.dataprovider.DataProviderIntegrationExample" time="0.000" errors="0" timestamp="2024-01-19T22:17:50 IST" skipped="0">
  <testcase classname="com.testng.dataprovider.DataProviderIntegrationExample" name="integrationTest" time="0.000"/>
</testsuite> <!-- com.testng.dataprovider.DataProviderIntegrationExample -->
