<?xml version="1.0" encoding="UTF-8"?>
<!-- Generated by org.testng.reporters.JUnitReportReporter -->
<testsuite hostname="Anshuls-MacBook-M3.local" failures="0" tests="2" name="com.testng.training.TestCaseGrouping" time="0.004" errors="0" timestamp="2024-01-19T22:17:09 IST" skipped="0">
  <testcase classname="com.testng.training.TestCaseGrouping" name="testCaseTwo" time="0.000"/>
  <testcase classname="com.testng.training.TestCaseGrouping" name="testCaseOne" time="0.004"/>
</testsuite> <!-- com.testng.training.TestCaseGrouping -->
