<?xml version="1.0" encoding="UTF-8"?>
<!-- Generated by org.testng.reporters.JUnitReportReporter -->
<testsuite hostname="Anshuls-MacBook-M3.local" failures="0" tests="2" name="com.testng.training.TestParameters" time="0.010" errors="0" timestamp="2024-01-19T22:18:38 IST" skipped="0">
  <testcase classname="com.testng.training.TestParameters" name="testCaseOne" time="0.005"/>
  <testcase classname="com.testng.training.TestParameters" name="testCaseTwo" time="0.005"/>
</testsuite> <!-- com.testng.training.TestParameters -->
