<?xml version="1.0" encoding="UTF-8"?>
<!-- Generated by org.testng.reporters.JUnitReportReporter -->
<testsuite hostname="Anshuls-MacBook-M3.local" failures="0" tests="1" name="executionorder.AnnotationsTest" time="0.003" errors="0" timestamp="2024-01-19T22:18:04 IST" skipped="0">
  <testcase classname="executionorder.AnnotationsTest" name="first" time="0.003"/>
</testsuite> <!-- executionorder.AnnotationsTest -->
