<?xml version="1.0" encoding="UTF-8"?>
<!-- Generated by org.testng.reporters.JUnitReportReporter -->
<testsuite hostname="Anshuls-MacBook-M3.local" failures="0" tests="3" name="com.testng.dataprovider.DataProviderParameterExample" time="0.002" errors="0" timestamp="2024-01-19T22:17:50 IST" skipped="0">
  <testcase classname="com.testng.dataprovider.DataProviderParameterExample" name="scenario2" time="0.001"/>
  <testcase classname="com.testng.dataprovider.DataProviderParameterExample" name="scenario1" time="0.001"/>
  <testcase classname="com.testng.dataprovider.DataProviderParameterExample" name="commonScenarios" time="0.000"/>
</testsuite> <!-- com.testng.dataprovider.DataProviderParameterExample -->
