<?xml version="1.0" encoding="UTF-8"?>
<!-- Generated by org.testng.reporters.JUnitReportReporter -->
<testsuite hostname="Anshuls-MacBook-M3.local" failures="0" tests="1" name="suiteB.TestClassB" time="2.234" errors="0" timestamp="2024-02-03T22:07:12 IST" skipped="0">
  <testcase classname="suiteB.TestClassB" name="testB" time="2.234"/>
</testsuite> <!-- suiteB.TestClassB -->
