<?xml version="1.0" encoding="UTF-8"?>
<!-- Generated by org.testng.reporters.JUnitReportReporter -->
<testsuite hostname="Anshuls-MacBook-M3.local" failures="0" tests="2" name="suiteA.TestClassAA" time="4.060" errors="0" timestamp="2024-02-03T22:07:12 IST" skipped="0">
  <testcase classname="suiteA.TestClassAA" name="testAA" time="2.028"/>
  <testcase classname="suiteA.TestClassAA" name="testAA" time="2.032"/>
</testsuite> <!-- suiteA.TestClassAA -->
