<?xml version="1.0" encoding="UTF-8"?>
<!-- Generated by org.testng.reporters.JUnitReportReporter -->
<testsuite hostname="Anshuls-MacBook-M3.local" failures="0" tests="1" name="suiteC.TestClassC" time="2.025" errors="0" timestamp="2024-02-03T22:38:18 IST" skipped="0">
  <testcase classname="suiteC.TestClassC" name="testC" time="2.025"/>
</testsuite> <!-- suiteC.TestClassC -->
