<?xml version="1.0" encoding="UTF-8"?>
<!-- Generated by org.testng.reporters.JUnitReportReporter -->
<testsuite hostname="Anshuls-MacBook-M3.local" failures="0" tests="2" name="suiteB.TestClassBB" time="4.057" errors="0" timestamp="2024-02-03T22:07:12 IST" skipped="0">
  <testcase classname="suiteB.TestClassBB" name="testBB" time="2.031"/>
  <testcase classname="suiteB.TestClassBB" name="testBB" time="2.026"/>
</testsuite> <!-- suiteB.TestClassBB -->
