<?xml version="1.0" encoding="UTF-8"?>
<!-- Generated by org.testng.reporters.JUnitReportReporter -->
<testsuite hostname="Anshuls-MacBook-M3.local" failures="0" tests="1" name="webelements.LocatorsDemo" time="174.574" errors="0" timestamp="2024-02-18T19:15:27 IST" skipped="0">
  <testcase classname="webelements.LocatorsDemo" name="verifyRediffSignIn" time="174.574"/>
</testsuite> <!-- webelements.LocatorsDemo -->
