<?xml version="1.0" encoding="UTF-8"?>
<!-- Generated by org.testng.reporters.JUnitReportReporter -->
<testsuite hostname="Anshuls-MacBook-M3.local" failures="0" tests="1" name="seleniumwaits.HardCodeWaits" time="24.382" errors="0" timestamp="2024-02-18T22:12:20 IST" skipped="0">
  <testcase classname="seleniumwaits.HardCodeWaits" name="googleSearchTest" time="24.382"/>
</testsuite> <!-- seleniumwaits.HardCodeWaits -->
