<?xml version="1.0" encoding="UTF-8"?>
<!-- Generated by org.testng.reporters.JUnitReportReporter -->
<testsuite hostname="Anshuls-MacBook-M3.local" failures="0" tests="1" name="PilotProject.TestHandsOn" time="0.025" errors="0" timestamp="2024-03-16T11:38:56 IST" skipped="0">
  <testcase classname="PilotProject.TestHandsOn" name="calendarTest" time="0.025"/>
</testsuite> <!-- PilotProject.TestHandsOn -->
