<?xml version="1.0" encoding="UTF-8"?>
<!-- Generated by org.testng.reporters.JUnitReportReporter -->
<testsuite hostname="Anshuls-MacBook-M3.local" failures="0" tests="1" name="SeleniumScenario3.WebTable" time="62.051" errors="0" timestamp="2024-03-08T22:23:51 IST" skipped="0">
  <testcase classname="SeleniumScenario3.WebTable" name="webTableOperationsTest" time="62.051"/>
</testsuite> <!-- SeleniumScenario3.WebTable -->
