<?xml version="1.0" encoding="UTF-8"?>
<!-- Generated by org.testng.reporters.JUnitReportReporter -->
<testsuite hostname="Anshuls-MacBook-M3.local" failures="0" tests="1" name="PilotProject.BookAppointmentOnDemand" time="82.234" errors="0" timestamp="2024-03-17T00:06:13 IST" skipped="0">
  <testcase classname="PilotProject.BookAppointmentOnDemand" name="bookAppointmentTest" time="82.234"/>
</testsuite> <!-- PilotProject.BookAppointmentOnDemand -->
