<?xml version="1.0" encoding="UTF-8"?>
<!-- Generated by org.testng.reporters.JUnitReportReporter -->
<testsuite hostname="Anshuls-MacBook-M3.local" failures="0" tests="3" name="SeleniumScenario1.VerifyElements" time="29.002" errors="0" timestamp="2024-02-25T00:21:59 IST" skipped="0">
  <testcase classname="SeleniumScenario1.VerifyElements" name="verifySelectedTest" time="10.033"/>
  <testcase classname="SeleniumScenario1.VerifyElements" name="verifyElementDisplayedTest" time="9.822"/>
  <testcase classname="SeleniumScenario1.VerifyElements" name="verifyElementEnableTest" time="9.147"/>
</testsuite> <!-- SeleniumScenario1.VerifyElements -->
