<?xml version="1.0" encoding="UTF-8"?>
<!-- Generated by org.testng.reporters.JUnitReportReporter -->
<testsuite hostname="Anshuls-MacBook-M3.local" failures="0" tests="1" name="SeleniumScenario1.ExtractMultipleElements" time="276.250" errors="0" timestamp="2024-02-23T22:51:05 IST" skipped="0">
  <testcase classname="SeleniumScenario1.ExtractMultipleElements" name="findNumberOfLinksOnWebPageTest" time="276.250"/>
</testsuite> <!-- SeleniumScenario1.ExtractMultipleElements -->
