<?xml version="1.0" encoding="UTF-8"?>
<!-- Generated by org.testng.reporters.JUnitReportReporter -->
<testsuite hostname="Anshuls-MacBook-M3.local" failures="0" tests="1" name="browsers.InvokeDynamicBrowser" time="37.003" errors="0" timestamp="2024-02-16T22:39:03 IST" skipped="0">
  <testcase classname="browsers.InvokeDynamicBrowser" name="verifyCACertError" time="37.003"/>
</testsuite> <!-- browsers.InvokeDynamicBrowser -->
