<?xml version="1.0" encoding="UTF-8"?>
<!-- Generated by org.testng.reporters.JUnitReportReporter -->
<testsuite hostname="Anshuls-MacBook-M3.local" failures="0" tests="1" name="SeleniumScenario1.ExtractWebPagePart" time="200.378" errors="0" timestamp="2024-03-01T22:35:25 IST" skipped="0">
  <testcase classname="SeleniumScenario1.ExtractWebPagePart" name="extractElementTest" time="200.378"/>
</testsuite> <!-- SeleniumScenario1.ExtractWebPagePart -->
