<?xml version="1.0" encoding="UTF-8"?>
<!-- Generated by org.testng.reporters.JUnitReportReporter -->
<testsuite hostname="Anshuls-MacBook-M3.local" failures="0" tests="1" name="seleniumScenario2.DragAndDrop" time="20.379" errors="0" timestamp="2024-03-05T20:17:46 IST" skipped="0">
  <testcase classname="seleniumScenario2.DragAndDrop" name="dragAndDropHardenTest" time="20.379"/>
</testsuite> <!-- seleniumScenario2.DragAndDrop -->
