<?xml version="1.0" encoding="UTF-8"?>
<!-- Generated by org.testng.reporters.JUnitReportReporter -->
<testsuite hostname="Anshuls-MacBook-M3.local" failures="0" tests="1" name="SeleniumScenario3.HandleJavaScriptExecutor" time="112.055" errors="0" timestamp="2024-03-08T23:44:58 IST" skipped="0">
  <testcase classname="SeleniumScenario3.HandleJavaScriptExecutor" name="HandleJSTest" time="112.055"/>
</testsuite> <!-- SeleniumScenario3.HandleJavaScriptExecutor -->
