<?xml version="1.0" encoding="UTF-8"?>
<!-- Generated by org.testng.reporters.JUnitReportReporter -->
<testsuite hostname="Anshuls-MacBook-M3.local" failures="0" tests="1" name="SeleniumScenario1.FindBrokenLinks" time="283.599" errors="0" timestamp="2024-02-24T00:04:28 IST" skipped="0">
  <testcase classname="SeleniumScenario1.FindBrokenLinks" name="finBrokenLinksTest" time="283.599"/>
</testsuite> <!-- SeleniumScenario1.FindBrokenLinks -->
