<?xml version="1.0" encoding="UTF-8"?>
<!-- Generated by org.testng.reporters.JUnitReportReporter -->
<testsuite hostname="Anshuls-MacBook-M3.local" failures="0" tests="1" name="PilotProject.BookAppointment" time="61.352" errors="0" timestamp="2024-03-16T21:31:12 IST" skipped="0">
  <testcase classname="PilotProject.BookAppointment" name="bookAppointmentTest" time="61.352"/>
</testsuite> <!-- PilotProject.BookAppointment -->
