<?xml version="1.0" encoding="UTF-8"?>
<!-- Generated by org.testng.reporters.JUnitReportReporter -->
<testsuite hostname="Anshuls-MacBook-M3.local" failures="0" tests="1" name="seleniumScenario2.HandleMultipleTabs" time="27.525" errors="0" timestamp="2024-03-03T00:17:20 IST" skipped="0">
  <testcase classname="seleniumScenario2.HandleMultipleTabs" name="getmultipleWindowHandleTest" time="27.525"/>
</testsuite> <!-- seleniumScenario2.HandleMultipleTabs -->
