<?xml version="1.0" encoding="UTF-8"?>
<!-- Generated by org.testng.reporters.JUnitReportReporter -->
<testsuite hostname="Anshuls-MacBook-M3.local" failures="0" tests="2" name="seleniumwaits.SeleniumExplicitWaits" time="31.119" errors="0" timestamp="2024-02-19T22:43:50 IST" skipped="0">
  <testcase classname="seleniumwaits.SeleniumExplicitWaits" name="verifyElementEnableTest" time="15.329"/>
  <testcase classname="seleniumwaits.SeleniumExplicitWaits" name="verifyElementSelectedTest" time="15.790"/>
</testsuite> <!-- seleniumwaits.SeleniumExplicitWaits -->
