<?xml version="1.0" encoding="UTF-8"?>
<!-- Generated by org.testng.reporters.JUnitReportReporter -->
<testsuite hostname="Anshuls-MacBook-M3.local" failures="0" tests="1" name="browsers.BrowserOptions" time="15.897" errors="0" timestamp="2024-02-16T21:58:46 IST" skipped="0">
  <testcase classname="browsers.BrowserOptions" name="firefoxBrowserProfiling" time="15.897"/>
</testsuite> <!-- browsers.BrowserOptions -->
