<?xml version="1.0" encoding="UTF-8"?>
<!-- Generated by org.testng.reporters.JUnitReportReporter -->
<testsuite hostname="Anshuls-MacBook-M3.local" failures="0" tests="1" name="seleniumScenario2.HandleRadioButton" time="24.371" errors="0" timestamp="2024-03-02T21:35:30 IST" skipped="0">
  <testcase classname="seleniumScenario2.HandleRadioButton" name="verifYRadioButton" time="24.371"/>
</testsuite> <!-- seleniumScenario2.HandleRadioButton -->
