<?xml version="1.0" encoding="UTF-8"?>
<!-- Generated by org.testng.reporters.JUnitReportReporter -->
<testsuite hostname="Anshuls-MacBook-M3.local" failures="0" tests="4" name="browsers.SeleniumMultipleBrowsers" time="43.291" errors="0" timestamp="2024-02-13T21:57:38 IST" skipped="0">
  <testcase classname="browsers.SeleniumMultipleBrowsers" name="openInChrome" time="13.067"/>
  <testcase classname="browsers.SeleniumMultipleBrowsers" name="openInFirefox" time="7.593"/>
  <testcase classname="browsers.SeleniumMultipleBrowsers" name="openInSafari" time="5.923"/>
  <testcase classname="browsers.SeleniumMultipleBrowsers" name="openInEdge" time="16.708"/>
</testsuite> <!-- browsers.SeleniumMultipleBrowsers -->
