<?xml version="1.0" encoding="UTF-8"?>
<!-- Generated by org.testng.reporters.JUnitReportReporter -->
<testsuite hostname="Anshuls-MacBook-M3.local" failures="0" tests="1" name="LiveDemoProject.LoginTestClass" time="85.864" errors="0" timestamp="2024-03-12T22:41:23 IST" skipped="0">
  <testcase classname="LiveDemoProject.LoginTestClass" name="rediffMoneyLoginTest" time="85.864"/>
</testsuite> <!-- LiveDemoProject.LoginTestClass -->
