<?xml version="1.0" encoding="UTF-8"?>
<!-- Generated by org.testng.reporters.JUnitReportReporter -->
<testsuite hostname="Anshuls-MacBook-M3.local" failures="0" tests="1" name="seleniumScenario2.HandleAlerts" time="161.812" errors="0" timestamp="2024-03-04T20:36:03 IST" skipped="0">
  <testcase classname="seleniumScenario2.HandleAlerts" name="handleAlertsTest" time="161.812"/>
</testsuite> <!-- seleniumScenario2.HandleAlerts -->
