<?xml version="1.0" encoding="UTF-8"?>
<!-- Generated by org.testng.reporters.JUnitReportReporter -->
<testsuite hostname="Anshuls-MacBook-M3.local" failures="0" tests="1" name="SeleniumScenario1.ExtractPartOfWebPage" time="160.156" errors="0" timestamp="2024-03-01T21:57:52 IST" skipped="0">
  <testcase classname="SeleniumScenario1.ExtractPartOfWebPage" name="extractPartOfWebPageTest" time="160.156"/>
</testsuite> <!-- SeleniumScenario1.ExtractPartOfWebPage -->
