<?xml version="1.0" encoding="UTF-8"?>
<!-- Generated by org.testng.reporters.JUnitReportReporter -->
<testsuite hostname="Anshuls-MacBook-M3.local" failures="0" tests="2" name="SeleniumIntro.FirstSeleniumTest" time="46.796" errors="0" timestamp="2024-02-12T21:10:20 IST" skipped="0">
  <testcase classname="SeleniumIntro.FirstSeleniumTest" name="OpenSiteInFirefox" time="38.321"/>
  <testcase classname="SeleniumIntro.FirstSeleniumTest" name="OpenSiteInChrome" time="8.475"/>
</testsuite> <!-- SeleniumIntro.FirstSeleniumTest -->
