<?xml version="1.0" encoding="UTF-8"?>
<!-- Generated by org.testng.reporters.JUnitReportReporter -->
<testsuite hostname="Anshuls-MacBook-M3.local" failures="0" tests="1" name="seleniumScenario2.TakeScreenShot" time="21.576" errors="0" timestamp="2024-03-02T22:48:32 IST" skipped="0">
  <testcase classname="seleniumScenario2.TakeScreenShot" name="captureScreenShot" time="21.576"/>
</testsuite> <!-- seleniumScenario2.TakeScreenShot -->
