<?xml version="1.0" encoding="UTF-8"?>
<!-- Generated by org.testng.reporters.JUnitReportReporter -->
<testsuite hostname="Anshuls-MacBook-M3.local" failures="0" tests="1" name="seleniumScenario2.HandleDropDown" time="129.415" errors="0" timestamp="2024-03-02T18:13:54 IST" skipped="0">
  <testcase classname="seleniumScenario2.HandleDropDown" name="dropDownMultiSelectTest" time="129.415"/>
</testsuite> <!-- seleniumScenario2.HandleDropDown -->
