<?xml version="1.0" encoding="UTF-8"?>
<!-- Generated by org.testng.reporters.JUnitReportReporter -->
<testsuite hostname="Anshuls-MacBook-M3.local" failures="0" tests="1" name="SeleniumScenario1.HandleIFrames" time="13.227" errors="0" timestamp="2024-02-24T23:08:27 IST" skipped="0">
  <testcase classname="SeleniumScenario1.HandleIFrames" name="handlIFrameTest" time="13.227"/>
</testsuite> <!-- SeleniumScenario1.HandleIFrames -->
