<?xml version="1.0" encoding="UTF-8"?>
<!-- Generated by org.testng.reporters.JUnitReportReporter -->
<testsuite hostname="Anshuls-MacBook-M3.local" failures="0" tests="1" name="seleniumScenario2.HandleMouseHover" time="39.340" errors="0" timestamp="2024-03-04T23:13:11 IST" skipped="0">
  <testcase classname="seleniumScenario2.HandleMouseHover" name="performMouseHoverTest" time="39.340"/>
</testsuite> <!-- seleniumScenario2.HandleMouseHover -->
