<?xml version="1.0" encoding="UTF-8"?>
<!-- Generated by org.testng.reporters.JUnitReportReporter -->
<testsuite hostname="Anshuls-MacBook-M3.local" failures="0" tests="1" name="suiteA.TestClassA" time="5.009" errors="0" timestamp="2024-01-20T11:52:23 IST" skipped="0">
  <testcase classname="suiteA.TestClassA" name="testA" time="5.009"/>
</testsuite> <!-- suiteA.TestClassA -->
