<?xml version="1.0" encoding="UTF-8"?>
<!-- Generated by org.testng.reporters.JUnitReportReporter -->
<testsuite hostname="Anshuls-MacBook-M3.local" failures="0" tests="2" name="ExtentReport.ReportUsingConfig" time="0.285" errors="0" timestamp="2024-01-24T20:40:42 IST" skipped="0">
  <testcase classname="ExtentReport.ReportUsingConfig" name="sampleReport" time="0.242"/>
  <testcase classname="ExtentReport.ReportUsingConfig" name="sampleReportJSONConfig" time="0.043"/>
</testsuite> <!-- ExtentReport.ReportUsingConfig -->
