<?xml version="1.0" encoding="UTF-8"?>
<!-- Generated by org.testng.reporters.JUnitReportReporter -->
<testsuite hostname="Anshuls-MacBook-M3.local" failures="0" tests="1" name="TestNGExtent.RegistrationTest" time="0.009" errors="0" timestamp="2024-01-25T22:49:38 IST" skipped="0">
  <testcase classname="TestNGExtent.RegistrationTest" name="RegisTest" time="0.009"/>
</testsuite> <!-- TestNGExtent.RegistrationTest -->
