<?xml version="1.0" encoding="UTF-8"?>
<!-- Generated by org.testng.reporters.JUnitReportReporter -->
<testsuite hostname="Anshuls-MacBook-M3.local" failures="0" tests="1" name="ExtentReport.FailedTestsReport" time="0.245" errors="0" timestamp="2024-01-24T21:24:52 IST" skipped="0">
  <testcase classname="ExtentReport.FailedTestsReport" name="ReportofFailedTests" time="0.245"/>
</testsuite> <!-- ExtentReport.FailedTestsReport -->
