<?xml version="1.0" encoding="UTF-8"?>
<!-- Generated by org.testng.reporters.JUnitReportReporter -->
<testsuite hostname="Anshuls-MacBook-M3.local" failures="0" tests="1" name="ExtentReport.SampleExtentReport" time="0.214" errors="0" timestamp="2024-01-23T22:30:40 IST" skipped="0">
  <testcase classname="ExtentReport.SampleExtentReport" name="sampleReport" time="0.214"/>
</testsuite> <!-- ExtentReport.SampleExtentReport -->
